<?xml version="1.0" encoding="UTF-8"?>
<testsuite xmlns:xsi="http://www.w3.org/2001/XMLSchema-instance" xsi:noNamespaceSchemaLocation="https://maven.apache.org/surefire/maven-surefire-plugin/xsd/surefire-test-report.xsd" version="3.0.2" name="TestSuite" time="0.536" tests="2" errors="0" skipped="0" failures="0">
  <properties>
[...]
</properties>
  <testcase name="TestFirst" classname="testClasses.DemoTestNGClassFirst" time="0.002">
    <system-out><![CDATA[Before Test First CLass1 
Before Test First CLass 
Hiii1 first class
]]></system-out>
    <system-err><![CDATA[SLF4J: Failed to load class "org.slf4j.impl.StaticLoggerBinder".
SLF4J: Defaulting to no-operation (NOP) logger implementation
SLF4J: See http://www.slf4j.org/codes.html#StaticLoggerBinder for further details.
]]></system-err>
  </testcase>
  <testcase name="TestSecond" classname="testClasses.DemoTestNGClassTwo" time="0.0">
    <system-out><![CDATA[Before Test Second Class 
Hiii1 Second
]]></system-out>
  </testcase>
</testsuite>