<?xml version="1.0" encoding="UTF-8"?>
<testng-results ignored="0" total="0" passed="0" failed="0" skipped="0">
  <reporter-output>
  </reporter-output>
  <suite started-at="2025-05-29T10:50:41 IST" name="My Test Suite" finished-at="2025-05-29T10:50:41 IST" duration-ms="11">
    <groups>
    </groups>
    <test started-at="2025-05-29T10:50:41 IST" name="Test 1" finished-at="2025-05-29T10:50:41 IST" duration-ms="11">
    </test> <!-- Test 1 -->
  </suite> <!-- My Test Suite -->
</testng-results>
